<?xml version="1.0" encoding="UTF-8" ?>
<testsuite errors="0" failures="0" hostname="Lunki-PC" name="test.AutoPlayerTest" skipped="0" tests="2" time="0.058" timestamp="2020-06-22T18:41:58">
  <properties>
    <property name="java.vendor" value="Oracle Corporation" />
    <property name="sun.java.launcher" value="SUN_STANDARD" />
    <property name="sun.management.compiler" value="HotSpot 64-Bit Tiered Compilers" />
    <property name="os.name" value="Windows 10" />
    <property name="sun.boot.class.path" value="C:\Program Files\Java\jdk1.8.0_171\jre\lib\resources.jar;C:\Program Files\Java\jdk1.8.0_171\jre\lib\rt.jar;C:\Program Files\Java\jdk1.8.0_171\jre\lib\sunrsasign.jar;C:\Program Files\Java\jdk1.8.0_171\jre\lib\jsse.jar;C:\Program Files\Java\jdk1.8.0_171\jre\lib\jce.jar;C:\Program Files\Java\jdk1.8.0_171\jre\lib\charsets.jar;C:\Program Files\Java\jdk1.8.0_171\jre\lib\jfr.jar;C:\Program Files\Java\jdk1.8.0_171\jre\classes" />
    <property name="sun.desktop" value="windows" />
    <property name="java.vm.specification.vendor" value="Oracle Corporation" />
    <property name="ant.home" value="C:\Users\Lunki\AppData\Local\JetBrains\Toolbox\apps\IDEA-C\ch-0\201.7223.91\lib\ant" />
    <property name="java.runtime.version" value="1.8.0_171-b11" />
    <property name="resources" value="resources" />
    <property name="srctest" value="C:\Users\Lunki\Desktop\ProjetProg\test" />
    <property name="user.name" value="Lunki" />
    <property name="user.language" value="fr" />
    <property name="build" value="C:\Users\Lunki\Desktop\ProjetProg\build" />
    <property name="sun.boot.library.path" value="C:\Program Files\Java\jdk1.8.0_171\jre\bin" />
    <property name="ant.project.default-target" value="run" />
    <property name="ant.project.name" value="ZenLinitie" />
    <property name="java.version" value="1.8.0_171" />
    <property name="version" value="1.0" />
    <property name="ant.file.type.ZenLinitie" value="file" />
    <property name="user.timezone" value="" />
    <property name="sun.arch.data.model" value="64" />
    <property name="java.endorsed.dirs" value="C:\Program Files\Java\jdk1.8.0_171\jre\lib\endorsed" />
    <property name="jar" value="C:\Users\Lunki\Desktop\ProjetProg\build\jar" />
    <property name="sun.cpu.isalist" value="amd64" />
    <property name="sun.jnu.encoding" value="Cp1252" />
    <property name="file.encoding.pkg" value="sun.io" />
    <property name="file.separator" value="\" />
    <property name="java.specification.name" value="Java Platform API Specification" />
    <property name="ant.file.ZenLinitie" value="C:\Users\Lunki\Desktop\ProjetProg\build.xml" />
    <property name="java.class.version" value="52.0" />
    <property name="src" value="C:\Users\Lunki\Desktop\ProjetProg\src" />
    <property name="user.country" value="FR" />
    <property name="java.home" value="C:\Program Files\Java\jdk1.8.0_171\jre" />
    <property name="java.vm.info" value="mixed mode" />
    <property name="ant.file" value="C:\Users\Lunki\Desktop\ProjetProg\build.xml" />
    <property name="os.version" value="10.0" />
    <property name="path.separator" value=";" />
    <property name="java.vm.version" value="25.171-b11" />
    <property name="jarName" value="main/ZenLinitie-1.0" />
    <property name="user.variant" value="" />
    <property name="ant.library.dir" value="C:\Users\Lunki\AppData\Local\JetBrains\Toolbox\apps\IDEA-C\ch-0\201.7223.91\lib\ant\lib" />
    <property name="java.awt.printerjob" value="sun.awt.windows.WPrinterJob" />
    <property name="sun.io.unicode.encoding" value="UnicodeLittle" />
    <property name="awt.toolkit" value="sun.awt.windows.WToolkit" />
    <property name="user.script" value="" />
    <property name="user.home" value="C:\Users\Lunki" />
    <property name="java.specification.vendor" value="Oracle Corporation" />
    <property name="test" value="C:\Users\Lunki\Desktop\ProjetProg\build/test" />
    <property name="java.library.path" value="C:\Program Files\Java\jdk1.8.0_171\jre\bin;C:\WINDOWS\Sun\Java\bin;C:\WINDOWS\system32;C:\WINDOWS;C:\Program Files (x86)\Common Files\Oracle\Java\javapath;C:\WINDOWS\system32;C:\WINDOWS;C:\WINDOWS\System32\Wbem;C:\WINDOWS\System32\WindowsPowerShell\v1.0\;C:\Program Files (x86)\ATI Technologies\ATI.ACE\Core-Static;C:\Program Files\Java\jdk1.8.0_92\bin;C:\Program Files\WIDCOMM\Bluetooth Software\;C:\Program Files\WIDCOMM\Bluetooth Software\syswow64;C:\Program Files (x86)\NVIDIA Corporation\PhysX\Common;C:\WINDOWS\System32\OpenSSH\;C:\Program Files\NVIDIA Corporation\NVIDIA NvDLISR;C:\Program Files (x86)\Lua\5.1;C:\Program Files (x86)\Lua\5.1\clibs;C:\WINDOWS\system32;C:\WINDOWS;C:\WINDOWS\System32\Wbem;C:\WINDOWS\System32\WindowsPowerShell\v1.0\;C:\WINDOWS\System32\OpenSSH\;C:\Program Files\010 Editor;C:\Users\Lunki\AppData\Local\Programs\Python\Launcher\;C:\Program Files (x86)\apache-maven-3.6.0\bin;C:\Users\Lunki\AppData\Roaming\Dashlane\6.0.1.11015\bin\Firefox_Extension\{442718d9-475e-452a-b3e1-fb1ee16b8e9f}\components;C:\Users\Lunki\AppData\Roaming\Dashlane\6.0.1.11015\ucrt;C:\Users\Lunki\AppData\Roaming\Dashlane\6.0.1.11015\bin\Qt;C:\Users\Lunki\AppData\Roaming\Dashlane\6.0.1.11015\bin\Ssl;C:\Users\Lunki\AppData\Local\atom\bin;C:\Users\Lunki\AppData\Local\Microsoft\WindowsApps;C:\Program Files(x86)\Common Files\Oracle\Java\javapath;C:\Program Files\Java\jre1.8.0_241\bin;C:\Users\Lunki\AppData\Local\GitHubDesktop\bin;." />
    <property name="java.vendor.url" value="http://java.oracle.com/" />
    <property name="java.vm.vendor" value="Oracle Corporation" />
    <property name="java.runtime.name" value="Java(TM) SE Runtime Environment" />
    <property name="sun.java.command" value="org.apache.tools.ant.taskdefs.optional.junit.JUnitTestRunner test.AutoPlayerTest skipNonTests=false filtertrace=true haltOnError=false haltOnFailure=false formatter=org.apache.tools.ant.taskdefs.optional.junit.SummaryJUnitResultFormatter showoutput=false outputtoformatters=true logfailedtests=true threadid=0 logtestlistenerevents=false formatter=org.apache.tools.ant.taskdefs.optional.junit.XMLJUnitResultFormatter,C:\Users\Lunki\Desktop\ProjetProg\build\test\xml\TEST-test.AutoPlayerTest.xml crashfile=C:\Users\Lunki\Desktop\ProjetProg\junitvmwatcher3145080057113226521.properties propsfile=C:\Users\Lunki\Desktop\ProjetProg\junit1522267072119365715.properties" />
    <property name="java.class.path" value="C:\Users\Lunki\Desktop\ProjetProg\build\test;C:\Users\Lunki\Desktop\ProjetProg\build\class;C:\Users\Lunki\AppData\Local\JetBrains\Toolbox\apps\IDEA-C\ch-0\201.7223.91\lib\junit-4.12.jar;C:\Users\Lunki\AppData\Local\JetBrains\Toolbox\apps\IDEA-C\ch-0\201.7223.91\lib\hamcrest-core-1.3.jar;C:\Users\Lunki\AppData\Local\JetBrains\Toolbox\apps\IDEA-C\ch-0\201.7223.91\lib\ant\lib\ant-antlr.jar;C:\Users\Lunki\AppData\Local\JetBrains\Toolbox\apps\IDEA-C\ch-0\201.7223.91\lib\ant\lib\ant-apache-bcel.jar;C:\Users\Lunki\AppData\Local\JetBrains\Toolbox\apps\IDEA-C\ch-0\201.7223.91\lib\ant\lib\ant-apache-bsf.jar;C:\Users\Lunki\AppData\Local\JetBrains\Toolbox\apps\IDEA-C\ch-0\201.7223.91\lib\ant\lib\ant-apache-log4j.jar;C:\Users\Lunki\AppData\Local\JetBrains\Toolbox\apps\IDEA-C\ch-0\201.7223.91\lib\ant\lib\ant-apache-oro.jar;C:\Users\Lunki\AppData\Local\JetBrains\Toolbox\apps\IDEA-C\ch-0\201.7223.91\lib\ant\lib\ant-apache-regexp.jar;C:\Users\Lunki\AppData\Local\JetBrains\Toolbox\apps\IDEA-C\ch-0\201.7223.91\lib\ant\lib\ant-apache-resolver.jar;C:\Users\Lunki\AppData\Local\JetBrains\Toolbox\apps\IDEA-C\ch-0\201.7223.91\lib\ant\lib\ant-apache-xalan2.jar;C:\Users\Lunki\AppData\Local\JetBrains\Toolbox\apps\IDEA-C\ch-0\201.7223.91\lib\ant\lib\ant-commons-logging.jar;C:\Users\Lunki\AppData\Local\JetBrains\Toolbox\apps\IDEA-C\ch-0\201.7223.91\lib\ant\lib\ant-commons-net.jar;C:\Users\Lunki\AppData\Local\JetBrains\Toolbox\apps\IDEA-C\ch-0\201.7223.91\lib\ant\lib\ant-jai.jar;C:\Users\Lunki\AppData\Local\JetBrains\Toolbox\apps\IDEA-C\ch-0\201.7223.91\lib\ant\lib\ant-javamail.jar;C:\Users\Lunki\AppData\Local\JetBrains\Toolbox\apps\IDEA-C\ch-0\201.7223.91\lib\ant\lib\ant-jdepend.jar;C:\Users\Lunki\AppData\Local\JetBrains\Toolbox\apps\IDEA-C\ch-0\201.7223.91\lib\ant\lib\ant-jmf.jar;C:\Users\Lunki\AppData\Local\JetBrains\Toolbox\apps\IDEA-C\ch-0\201.7223.91\lib\ant\lib\ant-jsch.jar;C:\Users\Lunki\AppData\Local\JetBrains\Toolbox\apps\IDEA-C\ch-0\201.7223.91\lib\ant\lib\ant-junit.jar;C:\Users\Lunki\AppData\Local\JetBrains\Toolbox\apps\IDEA-C\ch-0\201.7223.91\lib\ant\lib\ant-junit4.jar;C:\Users\Lunki\AppData\Local\JetBrains\Toolbox\apps\IDEA-C\ch-0\201.7223.91\lib\ant\lib\ant-junitlauncher.jar;C:\Users\Lunki\AppData\Local\JetBrains\Toolbox\apps\IDEA-C\ch-0\201.7223.91\lib\ant\lib\ant-launcher.jar;C:\Users\Lunki\AppData\Local\JetBrains\Toolbox\apps\IDEA-C\ch-0\201.7223.91\lib\ant\lib\ant-netrexx.jar;C:\Users\Lunki\AppData\Local\JetBrains\Toolbox\apps\IDEA-C\ch-0\201.7223.91\lib\ant\lib\ant-swing.jar;C:\Users\Lunki\AppData\Local\JetBrains\Toolbox\apps\IDEA-C\ch-0\201.7223.91\lib\ant\lib\ant-testutil.jar;C:\Users\Lunki\AppData\Local\JetBrains\Toolbox\apps\IDEA-C\ch-0\201.7223.91\lib\ant\lib\ant-xz.jar;C:\Users\Lunki\AppData\Local\JetBrains\Toolbox\apps\IDEA-C\ch-0\201.7223.91\lib\ant\lib\ant.jar;C:\Program Files\Java\jdk1.8.0_171\lib\tools.jar;C:\Users\Lunki\AppData\Local\JetBrains\Toolbox\apps\IDEA-C\ch-0\201.7223.91\lib\idea_rt.jar;C:\Users\Lunki\libs" />
    <property name="ant.version" value="Apache Ant(TM) version 1.10.5 compiled on July 10 2018" />
    <property name="java.vm.specification.name" value="Java Virtual Machine Specification" />
    <property name="ant.file.type" value="file" />
    <property name="mainClass" value="main/ZenLinitie" />
    <property name="java.vm.specification.version" value="1.8" />
    <property name="sun.cpu.endian" value="little" />
    <property name="sun.os.patch.level" value="" />
    <property name="java.io.tmpdir" value="C:\Users\Lunki\AppData\Local\Temp\" />
    <property name="java.vendor.url.bug" value="http://bugreport.sun.com/bugreport/" />
    <property name="os.arch" value="amd64" />
    <property name="java.awt.graphicsenv" value="sun.awt.Win32GraphicsEnvironment" />
    <property name="javadoc" value="C:\Users\Lunki\Desktop\ProjetProg\build\javadoc" />
    <property name="java.ext.dirs" value="C:\Program Files\Java\jdk1.8.0_171\jre\lib\ext;C:\WINDOWS\Sun\Java\lib\ext" />
    <property name="user.dir" value="C:\Users\Lunki\Desktop\ProjetProg" />
    <property name="line.separator" value="&#xd;&#xa;" />
    <property name="java.vm.name" value="Java HotSpot(TM) 64-Bit Server VM" />
    <property name="class" value="C:\Users\Lunki\Desktop\ProjetProg\build\class" />
    <property name="basedir" value="C:\Users\Lunki\Desktop\ProjetProg" />
    <property name="ant.java.version" value="1.8" />
    <property name="ant.core.lib" value="C:\Users\Lunki\AppData\Local\JetBrains\Toolbox\apps\IDEA-C\ch-0\201.7223.91\lib\ant\lib\ant.jar" />
    <property name="file.encoding" value="Cp1252" />
    <property name="java.specification.version" value="1.8" />
    <property name="ant.project.invoked-targets" value="test" />
  </properties>
  <testcase classname="test.AutoPlayerTest" name="testAutoShot" time="0.003" />
  <testcase classname="test.AutoPlayerTest" name="testAutoPlayer" time="0.0" />
  <system-out><![CDATA[]]></system-out>
  <system-err><![CDATA[]]></system-err>
</testsuite>
